mode: set
github.com/matir/httpwatch/httpsource/httpconnection.go:39.66,40.19 1 0
github.com/matir/httpwatch/httpsource/httpconnection.go:44.2,44.19 1 0
github.com/matir/httpwatch/httpsource/httpconnection.go:49.2,49.50 1 0
github.com/matir/httpwatch/httpsource/httpconnection.go:40.19,43.3 2 0
github.com/matir/httpwatch/httpsource/httpconnection.go:44.19,48.3 3 0
github.com/matir/httpwatch/httpsource/httpconnection.go:53.51,55.16 2 0
github.com/matir/httpwatch/httpsource/httpconnection.go:60.2,60.21 1 0
github.com/matir/httpwatch/httpsource/httpconnection.go:55.16,57.3 1 0
github.com/matir/httpwatch/httpsource/httpconnection.go:57.4,59.3 1 0
github.com/matir/httpwatch/httpsource/httpconnection.go:64.77,67.36 2 1
github.com/matir/httpwatch/httpsource/httpconnection.go:80.2,80.6 1 1
github.com/matir/httpwatch/httpsource/httpconnection.go:67.36,68.17 1 1
github.com/matir/httpwatch/httpsource/httpconnection.go:71.3,72.20 2 1
github.com/matir/httpwatch/httpsource/httpconnection.go:75.3,77.14 3 0
github.com/matir/httpwatch/httpsource/httpconnection.go:68.17,70.4 1 1
github.com/matir/httpwatch/httpsource/httpconnection.go:72.20,74.4 1 1
github.com/matir/httpwatch/httpsource/httpconnection.go:80.6,82.21 2 1
github.com/matir/httpwatch/httpsource/httpconnection.go:86.3,89.21 4 1
github.com/matir/httpwatch/httpsource/httpconnection.go:92.3,97.21 4 1
github.com/matir/httpwatch/httpsource/httpconnection.go:103.3,104.21 2 1
github.com/matir/httpwatch/httpsource/httpconnection.go:107.3,116.10 7 1
github.com/matir/httpwatch/httpsource/httpconnection.go:82.21,84.4 1 0
github.com/matir/httpwatch/httpsource/httpconnection.go:89.21,91.4 1 0
github.com/matir/httpwatch/httpsource/httpconnection.go:97.21,99.4 1 0
github.com/matir/httpwatch/httpsource/httpconnection.go:104.21,106.4 1 0
github.com/matir/httpwatch/httpsource/httpconnection.go:116.10,117.9 1 1
github.com/matir/httpwatch/httpsource/httpconnection.go:122.44,124.2 1 0
github.com/matir/httpwatch/httpsource/httpconnection.go:127.81,130.16 3 0
github.com/matir/httpwatch/httpsource/httpconnection.go:133.2,133.29 1 0
github.com/matir/httpwatch/httpsource/httpconnection.go:137.2,137.18 1 0
github.com/matir/httpwatch/httpsource/httpconnection.go:130.16,132.3 1 0
github.com/matir/httpwatch/httpsource/httpconnection.go:133.29,136.3 1 0
github.com/matir/httpwatch/httpsource/httpconnection.go:141.44,145.2 3 0
github.com/matir/httpwatch/httpsource/httpconnection.go:148.47,149.6 1 1
github.com/matir/httpwatch/httpsource/httpconnection.go:149.6,151.17 2 1
github.com/matir/httpwatch/httpsource/httpconnection.go:154.3,154.29 1 1
github.com/matir/httpwatch/httpsource/httpconnection.go:151.17,153.4 1 1
github.com/matir/httpwatch/httpsource/httpconnection.go:154.29,157.4 2 1
github.com/matir/httpwatch/httpsource/httpconnection.go:161.36,161.50 1 0
github.com/matir/httpwatch/httpsource/httpsource.go:26.34,32.2 5 0
github.com/matir/httpwatch/httpsource/httpsource.go:35.79,40.39 4 0
github.com/matir/httpwatch/httpsource/httpsource.go:44.2,45.16 2 0
github.com/matir/httpwatch/httpsource/httpsource.go:40.39,43.3 2 0
github.com/matir/httpwatch/httpsource/httpsource.go:49.65,51.20 2 0
github.com/matir/httpwatch/httpsource/httpsource.go:51.20,53.3 1 0
